Determining if the pthread_create exist failed with the following output:
Change Dir: /home/cedric/Bureau/Synesthesie/GIT/Synesthesie/build/CMakeFiles/CMakeTmp

Run Build Command:/usr/bin/make "cmTryCompileExec1305210734/fast"
/usr/bin/make -f CMakeFiles/cmTryCompileExec1305210734.dir/build.make CMakeFiles/cmTryCompileExec1305210734.dir/build
make[1]: entrant dans le répertoire « /home/cedric/Bureau/Synesthesie/GIT/Synesthesie/build/CMakeFiles/CMakeTmp »
/usr/bin/cmake -E cmake_progress_report /home/cedric/Bureau/Synesthesie/GIT/Synesthesie/build/CMakeFiles/CMakeTmp/CMakeFiles 1
Building C object CMakeFiles/cmTryCompileExec1305210734.dir/CheckSymbolExists.c.o
/usr/bin/cc    -o CMakeFiles/cmTryCompileExec1305210734.dir/CheckSymbolExists.c.o   -c /home/cedric/Bureau/Synesthesie/GIT/Synesthesie/build/CMakeFiles/CMakeTmp/CheckSymbolExists.c
Linking C executable cmTryCompileExec1305210734
/usr/bin/cmake -E cmake_link_script CMakeFiles/cmTryCompileExec1305210734.dir/link.txt --verbose=1
/usr/bin/cc         CMakeFiles/cmTryCompileExec1305210734.dir/CheckSymbolExists.c.o  -o cmTryCompileExec1305210734 -rdynamic 
CMakeFiles/cmTryCompileExec1305210734.dir/CheckSymbolExists.c.o:CheckSymbolExists.c:function main: error: undefined reference to 'pthread_create'
collect2: erreur: ld a retourné 1 code d'état d'exécution
make[1]: *** [cmTryCompileExec1305210734] Erreur 1
make[1]: quittant le répertoire « /home/cedric/Bureau/Synesthesie/GIT/Synesthesie/build/CMakeFiles/CMakeTmp »
make: *** [cmTryCompileExec1305210734/fast] Erreur 2

File /home/cedric/Bureau/Synesthesie/GIT/Synesthesie/build/CMakeFiles/CMakeTmp/CheckSymbolExists.c:
/* */
#include <pthread.h>

int main(int argc, char** argv)
{
  (void)argv;
#ifndef pthread_create
  return ((int*)(&pthread_create))[argc];
#else
  (void)argc;
  return 0;
#endif
}

Determining if the function pthread_create exists in the pthreads failed with the following output:
Change Dir: /home/cedric/Bureau/Synesthesie/GIT/Synesthesie/build/CMakeFiles/CMakeTmp

Run Build Command:/usr/bin/make "cmTryCompileExec2743557165/fast"
/usr/bin/make -f CMakeFiles/cmTryCompileExec2743557165.dir/build.make CMakeFiles/cmTryCompileExec2743557165.dir/build
make[1]: entrant dans le répertoire « /home/cedric/Bureau/Synesthesie/GIT/Synesthesie/build/CMakeFiles/CMakeTmp »
/usr/bin/cmake -E cmake_progress_report /home/cedric/Bureau/Synesthesie/GIT/Synesthesie/build/CMakeFiles/CMakeTmp/CMakeFiles 1
Building C object CMakeFiles/cmTryCompileExec2743557165.dir/CheckFunctionExists.c.o
/usr/bin/cc   -DCHECK_FUNCTION_EXISTS=pthread_create   -o CMakeFiles/cmTryCompileExec2743557165.dir/CheckFunctionExists.c.o   -c /usr/share/cmake-2.8/Modules/CheckFunctionExists.c
Linking C executable cmTryCompileExec2743557165
/usr/bin/cmake -E cmake_link_script CMakeFiles/cmTryCompileExec2743557165.dir/link.txt --verbose=1
/usr/bin/cc     -DCHECK_FUNCTION_EXISTS=pthread_create    CMakeFiles/cmTryCompileExec2743557165.dir/CheckFunctionExists.c.o  -o cmTryCompileExec2743557165 -rdynamic -lpthreads 
/usr/bin/ld: error: cannot find -lpthreads
CMakeFiles/cmTryCompileExec2743557165.dir/CheckFunctionExists.c.o:CheckFunctionExists.c:function main: error: undefined reference to 'pthread_create'
collect2: erreur: ld a retourné 1 code d'état d'exécution
make[1]: *** [cmTryCompileExec2743557165] Erreur 1
make[1]: quittant le répertoire « /home/cedric/Bureau/Synesthesie/GIT/Synesthesie/build/CMakeFiles/CMakeTmp »
make: *** [cmTryCompileExec2743557165/fast] Erreur 2


